<?xml version="1.0" encoding="UTF-8"?>
<testng-results ignored="0" total="1" passed="1" failed="0" skipped="0">
  <reporter-output>
  </reporter-output>
  <suite started-at="2024-08-22T17:44:00 CDT" name="Default suite" finished-at="2024-08-22T17:44:06 CDT" duration-ms="6507">
    <groups>
    </groups>
    <test started-at="2024-08-22T17:44:00 CDT" name="Default test" finished-at="2024-08-22T17:44:06 CDT" duration-ms="6507">
      <class name="SeachFunctionalityPack.SeachFunctionality">
        <test-method signature="sortDisplayedSearchResults()[pri:0, instance:SeachFunctionalityPack.SeachFunctionality@7ed7259e]" started-at="2024-08-22T17:44:00 CDT" name="sortDisplayedSearchResults" finished-at="2024-08-22T17:44:06 CDT" duration-ms="6490" status="PASS">
          <reporter-output>
          </reporter-output>
        </test-method> <!-- sortDisplayedSearchResults -->
      </class> <!-- SeachFunctionalityPack.SeachFunctionality -->
    </test> <!-- Default test -->
  </suite> <!-- Default suite -->
</testng-results>
