<?xml version="1.0" encoding="UTF-8"?>
<testng-results ignored="0" total="1" passed="1" failed="0" skipped="0">
  <reporter-output>
  </reporter-output>
  <suite started-at="2024-08-23T11:47:50 CDT" name="Default suite" finished-at="2024-08-23T11:47:59 CDT" duration-ms="9446">
    <groups>
    </groups>
    <test started-at="2024-08-23T11:47:50 CDT" name="Default test" finished-at="2024-08-23T11:47:59 CDT" duration-ms="9446">
      <class name="ShoppingCartPack.ShoppingCartFunctionality">
        <test-method signature="navigateToShoppingCartFromSuccessMessage()[pri:0, instance:ShoppingCartPack.ShoppingCartFunctionality@27ce24aa]" started-at="2024-08-23T11:47:50 CDT" name="navigateToShoppingCartFromSuccessMessage" finished-at="2024-08-23T11:47:59 CDT" duration-ms="9430" status="PASS">
          <reporter-output>
          </reporter-output>
        </test-method> <!-- navigateToShoppingCartFromSuccessMessage -->
      </class> <!-- ShoppingCartPack.ShoppingCartFunctionality -->
    </test> <!-- Default test -->
  </suite> <!-- Default suite -->
</testng-results>
