<?xml version="1.0" encoding="UTF-8"?>
<!-- Generated by org.testng.reporters.JUnitXMLReporter -->
<testsuite ignored="4" hostname="Akshayas-Air.lan" failures="0" tests="1" name="Default test" time="6.507" errors="0" timestamp="2024-08-22T17:44:07 CDT">
  <testcase classname="SeachFunctionalityPack.SeachFunctionality" name="sortDisplayedSearchResults" time="6.49"/>
  <testcase classname="SeachFunctionalityPack.SeachFunctionality" name="searchCriteriaResultsInMultipleProducts" time="0.0">
    <ignored/>
  </testcase> <!-- searchCriteriaResultsInMultipleProducts -->
  <testcase classname="SeachFunctionalityPack.SeachFunctionality" name="searchWithExistingProductName" time="0.0">
    <ignored/>
  </testcase> <!-- searchWithExistingProductName -->
  <testcase classname="SeachFunctionalityPack.SeachFunctionality" name="searchWithoutProvidingAnyName" time="0.0">
    <ignored/>
  </testcase> <!-- searchWithoutProvidingAnyName -->
  <testcase classname="SeachFunctionalityPack.SeachFunctionality" name="searchWithNonExistingProductName" time="0.0">
    <ignored/>
  </testcase> <!-- searchWithNonExistingProductName -->
</testsuite> <!-- Default test -->
