<?xml version="1.0" encoding="UTF-8"?>
<!-- Generated by org.testng.reporters.JUnitXMLReporter -->
<testsuite ignored="1" hostname="Akshayas-Air.lan" failures="0" tests="1" name="Default test" time="8.317" errors="0" timestamp="2024-08-23T15:51:07 CDT">
  <testcase classname="ShoppingCartPack.ShoppingCartFunctionality" name="viewCartOptionInCardBlock" time="8.297"/>
  <testcase classname="ShoppingCartPack.ShoppingCartFunctionality" name="navigateToShoppingCartFromSuccessMessage" time="0.0">
    <ignored/>
  </testcase> <!-- navigateToShoppingCartFromSuccessMessage -->
</testsuite> <!-- Default test -->
